running egg_info
creating ../../build/decision_maker/decision_maker.egg-info
writing ../../build/decision_maker/decision_maker.egg-info/PKG-INFO
writing dependency_links to ../../build/decision_maker/decision_maker.egg-info/dependency_links.txt
writing entry points to ../../build/decision_maker/decision_maker.egg-info/entry_points.txt
writing requirements to ../../build/decision_maker/decision_maker.egg-info/requires.txt
writing top-level names to ../../build/decision_maker/decision_maker.egg-info/top_level.txt
writing manifest file '../../build/decision_maker/decision_maker.egg-info/SOURCES.txt'
reading manifest file '../../build/decision_maker/decision_maker.egg-info/SOURCES.txt'
writing manifest file '../../build/decision_maker/decision_maker.egg-info/SOURCES.txt'
running build
running build_py
creating /home/jayden/rag_robot_automation/ros2_ws/build/decision_maker/build
creating /home/jayden/rag_robot_automation/ros2_ws/build/decision_maker/build/lib
creating /home/jayden/rag_robot_automation/ros2_ws/build/decision_maker/build/lib/decision_maker
copying decision_maker/__init__.py -> /home/jayden/rag_robot_automation/ros2_ws/build/decision_maker/build/lib/decision_maker
copying decision_maker/decision_maker_node.py -> /home/jayden/rag_robot_automation/ros2_ws/build/decision_maker/build/lib/decision_maker
running install
running install_lib
creating /home/jayden/rag_robot_automation/ros2_ws/install/decision_maker/lib/python3.12/site-packages/decision_maker
copying /home/jayden/rag_robot_automation/ros2_ws/build/decision_maker/build/lib/decision_maker/__init__.py -> /home/jayden/rag_robot_automation/ros2_ws/install/decision_maker/lib/python3.12/site-packages/decision_maker
copying /home/jayden/rag_robot_automation/ros2_ws/build/decision_maker/build/lib/decision_maker/decision_maker_node.py -> /home/jayden/rag_robot_automation/ros2_ws/install/decision_maker/lib/python3.12/site-packages/decision_maker
byte-compiling /home/jayden/rag_robot_automation/ros2_ws/install/decision_maker/lib/python3.12/site-packages/decision_maker/__init__.py to __init__.cpython-312.pyc
byte-compiling /home/jayden/rag_robot_automation/ros2_ws/install/decision_maker/lib/python3.12/site-packages/decision_maker/decision_maker_node.py to decision_maker_node.cpython-312.pyc
running install_data
creating /home/jayden/rag_robot_automation/ros2_ws/install/decision_maker/share/ament_index
creating /home/jayden/rag_robot_automation/ros2_ws/install/decision_maker/share/ament_index/resource_index
creating /home/jayden/rag_robot_automation/ros2_ws/install/decision_maker/share/ament_index/resource_index/packages
copying resource/decision_maker -> /home/jayden/rag_robot_automation/ros2_ws/install/decision_maker/share/ament_index/resource_index/packages
copying package.xml -> /home/jayden/rag_robot_automation/ros2_ws/install/decision_maker/share/decision_maker
running install_egg_info
Copying ../../build/decision_maker/decision_maker.egg-info to /home/jayden/rag_robot_automation/ros2_ws/install/decision_maker/lib/python3.12/site-packages/decision_maker-0.0.1-py3.12.egg-info
running install_scripts
Installing decision_maker script to /home/jayden/rag_robot_automation/ros2_ws/install/decision_maker/lib/decision_maker
writing list of installed files to '/home/jayden/rag_robot_automation/ros2_ws/build/decision_maker/install.log'
