[1.422s] Invoking command in '/home/jayden/rag_robot_automation/ros2_ws/src/decision_maker': DEBUGINFOD_URLS=https://debuginfod.ubuntu.com PS1=(venv_rag) \[\e]0;\u@\h: \w\a\]${debian_chroot:+($debian_chroot)}\[\033[01;32m\]\u@\h\[\033[00m\]:\[\033[01;34m\]\w\[\033[00m\]\$ PYTHONPATH=/home/jayden/rag_robot_automation/ros2_ws/build/decision_maker/prefix_override:/usr/lib/python3/dist-packages/colcon_core/task/python/colcon_distutils_commands:/home/jayden/rag_robot_automation/ros2_ws/install/decision_maker/lib/python3.12/site-packages:${PYTHONPATH} VIRTUAL_ENV_PROMPT=(venv_rag) /usr/bin/python3 -W ignore:setup.py install is deprecated -W ignore:easy_install command is deprecated setup.py egg_info --egg-base ../../build/decision_maker build --build-base /home/jayden/rag_robot_automation/ros2_ws/build/decision_maker/build install --record /home/jayden/rag_robot_automation/ros2_ws/build/decision_maker/install.log --single-version-externally-managed install_data
[1.680s] running egg_info
[1.699s] writing ../../build/decision_maker/decision_maker.egg-info/PKG-INFO
[1.699s] writing dependency_links to ../../build/decision_maker/decision_maker.egg-info/dependency_links.txt
[1.699s] writing entry points to ../../build/decision_maker/decision_maker.egg-info/entry_points.txt
[1.699s] writing requirements to ../../build/decision_maker/decision_maker.egg-info/requires.txt
[1.700s] writing top-level names to ../../build/decision_maker/decision_maker.egg-info/top_level.txt
[1.739s] reading manifest file '../../build/decision_maker/decision_maker.egg-info/SOURCES.txt'
[1.739s] writing manifest file '../../build/decision_maker/decision_maker.egg-info/SOURCES.txt'
[1.740s] running build
[1.740s] running build_py
[1.740s] running install
[1.746s] running install_lib
[1.766s] running install_data
[1.766s] running install_egg_info
[1.787s] removing '/home/jayden/rag_robot_automation/ros2_ws/install/decision_maker/lib/python3.12/site-packages/decision_maker-0.0.1-py3.12.egg-info' (and everything under it)
[1.787s] Copying ../../build/decision_maker/decision_maker.egg-info to /home/jayden/rag_robot_automation/ros2_ws/install/decision_maker/lib/python3.12/site-packages/decision_maker-0.0.1-py3.12.egg-info
[1.788s] running install_scripts
[1.916s] Installing decision_maker script to /home/jayden/rag_robot_automation/ros2_ws/install/decision_maker/lib/decision_maker
[1.916s] writing list of installed files to '/home/jayden/rag_robot_automation/ros2_ws/build/decision_maker/install.log'
[1.959s] Invoked command in '/home/jayden/rag_robot_automation/ros2_ws/src/decision_maker' returned '0': DEBUGINFOD_URLS=https://debuginfod.ubuntu.com PS1=(venv_rag) \[\e]0;\u@\h: \w\a\]${debian_chroot:+($debian_chroot)}\[\033[01;32m\]\u@\h\[\033[00m\]:\[\033[01;34m\]\w\[\033[00m\]\$ PYTHONPATH=/home/jayden/rag_robot_automation/ros2_ws/build/decision_maker/prefix_override:/usr/lib/python3/dist-packages/colcon_core/task/python/colcon_distutils_commands:/home/jayden/rag_robot_automation/ros2_ws/install/decision_maker/lib/python3.12/site-packages:${PYTHONPATH} VIRTUAL_ENV_PROMPT=(venv_rag) /usr/bin/python3 -W ignore:setup.py install is deprecated -W ignore:easy_install command is deprecated setup.py egg_info --egg-base ../../build/decision_maker build --build-base /home/jayden/rag_robot_automation/ros2_ws/build/decision_maker/build install --record /home/jayden/rag_robot_automation/ros2_ws/build/decision_maker/install.log --single-version-externally-managed install_data
