[0.089s] DEBUG:colcon:Command line arguments: ['/usr/bin/colcon', 'build']
[0.089s] DEBUG:colcon:Parsed command line arguments: Namespace(log_base=None, log_level=None, verb_name='build', build_base='build', install_base='install', merge_install=False, symlink_install=False, test_result_base=None, continue_on_error=False, executor='parallel', parallel_workers=16, event_handlers=None, ignore_user_meta=False, metas=['./colcon.meta'], base_paths=['.'], packages_ignore=None, packages_ignore_regex=None, paths=None, packages_up_to=None, packages_up_to_regex=None, packages_above=None, packages_above_and_dependencies=None, packages_above_depth=None, packages_select_by_dep=None, packages_skip_by_dep=None, packages_skip_up_to=None, packages_select_build_failed=False, packages_skip_build_finished=False, packages_select_test_failures=False, packages_skip_test_passed=False, packages_select=None, packages_skip=None, packages_select_regex=None, packages_skip_regex=None, packages_start=None, packages_end=None, allow_overriding=[], cmake_args=None, cmake_target=None, cmake_target_skip_unavailable=False, cmake_clean_cache=False, cmake_clean_first=False, cmake_force_configure=False, ament_cmake_args=None, catkin_cmake_args=None, catkin_skip_building_tests=False, verb_parser=<colcon_defaults.argument_parser.defaults.DefaultArgumentsDecorator object at 0x720a4528e600>, verb_extension=<colcon_core.verb.build.BuildVerb object at 0x720a453a7350>, main=<bound method BuildVerb.main of <colcon_core.verb.build.BuildVerb object at 0x720a453a7350>>)
[0.122s] Level 1:colcon.colcon_core.package_discovery:discover_packages(colcon_meta) check parameters
[0.123s] Level 1:colcon.colcon_core.package_discovery:discover_packages(recursive) check parameters
[0.123s] Level 1:colcon.colcon_core.package_discovery:discover_packages(ignore) check parameters
[0.123s] Level 1:colcon.colcon_core.package_discovery:discover_packages(path) check parameters
[0.123s] Level 1:colcon.colcon_core.package_discovery:discover_packages(colcon_meta) discover
[0.123s] Level 1:colcon.colcon_core.package_discovery:discover_packages(recursive) discover
[0.123s] INFO:colcon.colcon_core.package_discovery:Crawling recursively for packages in '/home/jayden/rag_robot_automation/ros2_ws'
[0.123s] Level 1:colcon.colcon_core.package_identification:_identify(.) by extensions ['ignore', 'ignore_ament_install']
[0.123s] Level 1:colcon.colcon_core.package_identification:_identify(.) by extension 'ignore'
[0.123s] Level 1:colcon.colcon_core.package_identification:_identify(.) by extension 'ignore_ament_install'
[0.123s] Level 1:colcon.colcon_core.package_identification:_identify(.) by extensions ['colcon_pkg']
[0.123s] Level 1:colcon.colcon_core.package_identification:_identify(.) by extension 'colcon_pkg'
[0.123s] Level 1:colcon.colcon_core.package_identification:_identify(.) by extensions ['colcon_meta']
[0.123s] Level 1:colcon.colcon_core.package_identification:_identify(.) by extension 'colcon_meta'
[0.123s] Level 1:colcon.colcon_core.package_identification:_identify(.) by extensions ['ros']
[0.123s] Level 1:colcon.colcon_core.package_identification:_identify(.) by extension 'ros'
[0.145s] Level 1:colcon.colcon_core.package_identification:_identify(.) by extensions ['cmake', 'python']
[0.145s] Level 1:colcon.colcon_core.package_identification:_identify(.) by extension 'cmake'
[0.145s] Level 1:colcon.colcon_core.package_identification:_identify(.) by extension 'python'
[0.145s] Level 1:colcon.colcon_core.package_identification:_identify(.) by extensions ['python_setup_py']
[0.145s] Level 1:colcon.colcon_core.package_identification:_identify(.) by extension 'python_setup_py'
[0.145s] Level 1:colcon.colcon_core.package_identification:_identify(build) by extensions ['ignore', 'ignore_ament_install']
[0.145s] Level 1:colcon.colcon_core.package_identification:_identify(build) by extension 'ignore'
[0.145s] Level 1:colcon.colcon_core.package_identification:_identify(build) ignored
[0.145s] Level 1:colcon.colcon_core.package_identification:_identify(install) by extensions ['ignore', 'ignore_ament_install']
[0.145s] Level 1:colcon.colcon_core.package_identification:_identify(install) by extension 'ignore'
[0.145s] Level 1:colcon.colcon_core.package_identification:_identify(install) ignored
[0.145s] Level 1:colcon.colcon_core.package_identification:_identify(log) by extensions ['ignore', 'ignore_ament_install']
[0.145s] Level 1:colcon.colcon_core.package_identification:_identify(log) by extension 'ignore'
[0.145s] Level 1:colcon.colcon_core.package_identification:_identify(log) ignored
[0.145s] Level 1:colcon.colcon_core.package_identification:_identify(src) by extensions ['ignore', 'ignore_ament_install']
[0.145s] Level 1:colcon.colcon_core.package_identification:_identify(src) by extension 'ignore'
[0.145s] Level 1:colcon.colcon_core.package_identification:_identify(src) by extension 'ignore_ament_install'
[0.145s] Level 1:colcon.colcon_core.package_identification:_identify(src) by extensions ['colcon_pkg']
[0.145s] Level 1:colcon.colcon_core.package_identification:_identify(src) by extension 'colcon_pkg'
[0.146s] Level 1:colcon.colcon_core.package_identification:_identify(src) by extensions ['colcon_meta']
[0.146s] Level 1:colcon.colcon_core.package_identification:_identify(src) by extension 'colcon_meta'
[0.146s] Level 1:colcon.colcon_core.package_identification:_identify(src) by extensions ['ros']
[0.146s] Level 1:colcon.colcon_core.package_identification:_identify(src) by extension 'ros'
[0.146s] Level 1:colcon.colcon_core.package_identification:_identify(src) by extensions ['cmake', 'python']
[0.146s] Level 1:colcon.colcon_core.package_identification:_identify(src) by extension 'cmake'
[0.146s] Level 1:colcon.colcon_core.package_identification:_identify(src) by extension 'python'
[0.146s] Level 1:colcon.colcon_core.package_identification:_identify(src) by extensions ['python_setup_py']
[0.146s] Level 1:colcon.colcon_core.package_identification:_identify(src) by extension 'python_setup_py'
[0.146s] Level 1:colcon.colcon_core.package_identification:_identify(src/decision_maker) by extensions ['ignore', 'ignore_ament_install']
[0.146s] Level 1:colcon.colcon_core.package_identification:_identify(src/decision_maker) by extension 'ignore'
[0.146s] Level 1:colcon.colcon_core.package_identification:_identify(src/decision_maker) by extension 'ignore_ament_install'
[0.146s] Level 1:colcon.colcon_core.package_identification:_identify(src/decision_maker) by extensions ['colcon_pkg']
[0.146s] Level 1:colcon.colcon_core.package_identification:_identify(src/decision_maker) by extension 'colcon_pkg'
[0.146s] Level 1:colcon.colcon_core.package_identification:_identify(src/decision_maker) by extensions ['colcon_meta']
[0.146s] Level 1:colcon.colcon_core.package_identification:_identify(src/decision_maker) by extension 'colcon_meta'
[0.146s] Level 1:colcon.colcon_core.package_identification:_identify(src/decision_maker) by extensions ['ros']
[0.146s] Level 1:colcon.colcon_core.package_identification:_identify(src/decision_maker) by extension 'ros'
[0.149s] DEBUG:colcon.colcon_core.package_identification:Package 'src/decision_maker' with type 'ros.ament_python' and name 'decision_maker'
[0.149s] Level 1:colcon.colcon_core.package_identification:_identify(src/rag_server) by extensions ['ignore', 'ignore_ament_install']
[0.149s] Level 1:colcon.colcon_core.package_identification:_identify(src/rag_server) by extension 'ignore'
[0.149s] Level 1:colcon.colcon_core.package_identification:_identify(src/rag_server) by extension 'ignore_ament_install'
[0.149s] Level 1:colcon.colcon_core.package_identification:_identify(src/rag_server) by extensions ['colcon_pkg']
[0.149s] Level 1:colcon.colcon_core.package_identification:_identify(src/rag_server) by extension 'colcon_pkg'
[0.149s] Level 1:colcon.colcon_core.package_identification:_identify(src/rag_server) by extensions ['colcon_meta']
[0.149s] Level 1:colcon.colcon_core.package_identification:_identify(src/rag_server) by extension 'colcon_meta'
[0.149s] Level 1:colcon.colcon_core.package_identification:_identify(src/rag_server) by extensions ['ros']
[0.149s] Level 1:colcon.colcon_core.package_identification:_identify(src/rag_server) by extension 'ros'
[0.150s] DEBUG:colcon.colcon_core.package_identification:Package 'src/rag_server' with type 'ros.ament_python' and name 'rag_server'
[0.150s] Level 1:colcon.colcon_core.package_identification:_identify(src/robot_controller) by extensions ['ignore', 'ignore_ament_install']
[0.150s] Level 1:colcon.colcon_core.package_identification:_identify(src/robot_controller) by extension 'ignore'
[0.150s] Level 1:colcon.colcon_core.package_identification:_identify(src/robot_controller) by extension 'ignore_ament_install'
[0.150s] Level 1:colcon.colcon_core.package_identification:_identify(src/robot_controller) by extensions ['colcon_pkg']
[0.150s] Level 1:colcon.colcon_core.package_identification:_identify(src/robot_controller) by extension 'colcon_pkg'
[0.150s] Level 1:colcon.colcon_core.package_identification:_identify(src/robot_controller) by extensions ['colcon_meta']
[0.150s] Level 1:colcon.colcon_core.package_identification:_identify(src/robot_controller) by extension 'colcon_meta'
[0.150s] Level 1:colcon.colcon_core.package_identification:_identify(src/robot_controller) by extensions ['ros']
[0.150s] Level 1:colcon.colcon_core.package_identification:_identify(src/robot_controller) by extension 'ros'
[0.150s] DEBUG:colcon.colcon_core.package_identification:Found ROS schema reference in package manifest in 'src/robot_controller'
[0.151s] WARNING:colcon.colcon_core.package_identification:Failed to parse ROS package manifest in 'src/robot_controller': Error(s) in package 'src/robot_controller/package.xml':
Error(s):
- The generic dependency on 'rclpy' is redundant with: build_depend, build_export_depend, exec_depend
- The generic dependency on 'std_msgs' is redundant with: build_depend, build_export_depend, exec_depend
- The generic dependency on 'geometry_msgs' is redundant with: build_depend, build_export_depend, exec_depend
[0.151s] Level 1:colcon.colcon_core.package_identification:_identify(src/robot_controller) by extensions ['cmake', 'python']
[0.151s] Level 1:colcon.colcon_core.package_identification:_identify(src/robot_controller) by extension 'cmake'
[0.151s] Level 1:colcon.colcon_core.package_identification:_identify(src/robot_controller) by extension 'python'
[0.151s] DEBUG:colcon.colcon_core.package_identification:Python package in 'src/robot_controller' passes arguments to the setup() function which requires a different identification extension than 'python'
[0.151s] Level 1:colcon.colcon_core.package_identification:_identify(src/robot_controller) by extensions ['python_setup_py']
[0.151s] Level 1:colcon.colcon_core.package_identification:_identify(src/robot_controller) by extension 'python_setup_py'
[0.350s] DEBUG:colcon.colcon_core.package_identification:Package 'src/robot_controller' with type 'python' and name 'robot_controller'
[0.351s] Level 1:colcon.colcon_core.package_discovery:discover_packages(recursive) using defaults
[0.351s] Level 1:colcon.colcon_core.package_discovery:discover_packages(ignore) discover
[0.351s] Level 1:colcon.colcon_core.package_discovery:discover_packages(ignore) using defaults
[0.351s] Level 1:colcon.colcon_core.package_discovery:discover_packages(path) discover
[0.351s] Level 1:colcon.colcon_core.package_discovery:discover_packages(path) using defaults
[0.365s] Level 1:colcon.colcon_core.package_discovery:discover_packages(prefix_path) check parameters
[0.365s] Level 1:colcon.colcon_core.package_discovery:discover_packages(prefix_path) discover
[0.366s] DEBUG:colcon.colcon_installed_package_information.package_discovery:Found 2 installed packages in /home/jayden/rag_robot_automation/ros2_ws/install
[0.366s] DEBUG:colcon.colcon_installed_package_information.package_discovery:Found 1 installed packages in /home/jayden/fyp_ws/install
[0.369s] DEBUG:colcon.colcon_installed_package_information.package_discovery:Found 482 installed packages in /opt/ros/jazzy
[0.370s] Level 1:colcon.colcon_core.package_discovery:discover_packages(prefix_path) using defaults
[0.426s] Level 5:colcon.colcon_core.verb:set package 'decision_maker' build argument 'cmake_args' from command line to 'None'
[0.426s] Level 5:colcon.colcon_core.verb:set package 'decision_maker' build argument 'cmake_target' from command line to 'None'
[0.426s] Level 5:colcon.colcon_core.verb:set package 'decision_maker' build argument 'cmake_target_skip_unavailable' from command line to 'False'
[0.426s] Level 5:colcon.colcon_core.verb:set package 'decision_maker' build argument 'cmake_clean_cache' from command line to 'False'
[0.426s] Level 5:colcon.colcon_core.verb:set package 'decision_maker' build argument 'cmake_clean_first' from command line to 'False'
[0.426s] Level 5:colcon.colcon_core.verb:set package 'decision_maker' build argument 'cmake_force_configure' from command line to 'False'
[0.426s] Level 5:colcon.colcon_core.verb:set package 'decision_maker' build argument 'ament_cmake_args' from command line to 'None'
[0.426s] Level 5:colcon.colcon_core.verb:set package 'decision_maker' build argument 'catkin_cmake_args' from command line to 'None'
[0.426s] Level 5:colcon.colcon_core.verb:set package 'decision_maker' build argument 'catkin_skip_building_tests' from command line to 'False'
[0.426s] DEBUG:colcon.colcon_core.verb:Building package 'decision_maker' with the following arguments: {'ament_cmake_args': None, 'build_base': '/home/jayden/rag_robot_automation/ros2_ws/build/decision_maker', 'catkin_cmake_args': None, 'catkin_skip_building_tests': False, 'cmake_args': None, 'cmake_clean_cache': False, 'cmake_clean_first': False, 'cmake_force_configure': False, 'cmake_target': None, 'cmake_target_skip_unavailable': False, 'install_base': '/home/jayden/rag_robot_automation/ros2_ws/install/decision_maker', 'merge_install': False, 'path': '/home/jayden/rag_robot_automation/ros2_ws/src/decision_maker', 'symlink_install': False, 'test_result_base': None}
[0.426s] Level 5:colcon.colcon_core.verb:set package 'rag_server' build argument 'cmake_args' from command line to 'None'
[0.426s] Level 5:colcon.colcon_core.verb:set package 'rag_server' build argument 'cmake_target' from command line to 'None'
[0.426s] Level 5:colcon.colcon_core.verb:set package 'rag_server' build argument 'cmake_target_skip_unavailable' from command line to 'False'
[0.426s] Level 5:colcon.colcon_core.verb:set package 'rag_server' build argument 'cmake_clean_cache' from command line to 'False'
[0.427s] Level 5:colcon.colcon_core.verb:set package 'rag_server' build argument 'cmake_clean_first' from command line to 'False'
[0.427s] Level 5:colcon.colcon_core.verb:set package 'rag_server' build argument 'cmake_force_configure' from command line to 'False'
[0.427s] Level 5:colcon.colcon_core.verb:set package 'rag_server' build argument 'ament_cmake_args' from command line to 'None'
[0.427s] Level 5:colcon.colcon_core.verb:set package 'rag_server' build argument 'catkin_cmake_args' from command line to 'None'
[0.427s] Level 5:colcon.colcon_core.verb:set package 'rag_server' build argument 'catkin_skip_building_tests' from command line to 'False'
[0.427s] DEBUG:colcon.colcon_core.verb:Building package 'rag_server' with the following arguments: {'ament_cmake_args': None, 'build_base': '/home/jayden/rag_robot_automation/ros2_ws/build/rag_server', 'catkin_cmake_args': None, 'catkin_skip_building_tests': False, 'cmake_args': None, 'cmake_clean_cache': False, 'cmake_clean_first': False, 'cmake_force_configure': False, 'cmake_target': None, 'cmake_target_skip_unavailable': False, 'install_base': '/home/jayden/rag_robot_automation/ros2_ws/install/rag_server', 'merge_install': False, 'path': '/home/jayden/rag_robot_automation/ros2_ws/src/rag_server', 'symlink_install': False, 'test_result_base': None}
[0.427s] Level 5:colcon.colcon_core.verb:set package 'robot_controller' build argument 'cmake_args' from command line to 'None'
[0.427s] Level 5:colcon.colcon_core.verb:set package 'robot_controller' build argument 'cmake_target' from command line to 'None'
[0.427s] Level 5:colcon.colcon_core.verb:set package 'robot_controller' build argument 'cmake_target_skip_unavailable' from command line to 'False'
[0.427s] Level 5:colcon.colcon_core.verb:set package 'robot_controller' build argument 'cmake_clean_cache' from command line to 'False'
[0.427s] Level 5:colcon.colcon_core.verb:set package 'robot_controller' build argument 'cmake_clean_first' from command line to 'False'
[0.427s] Level 5:colcon.colcon_core.verb:set package 'robot_controller' build argument 'cmake_force_configure' from command line to 'False'
[0.427s] Level 5:colcon.colcon_core.verb:set package 'robot_controller' build argument 'ament_cmake_args' from command line to 'None'
[0.427s] Level 5:colcon.colcon_core.verb:set package 'robot_controller' build argument 'catkin_cmake_args' from command line to 'None'
[0.427s] Level 5:colcon.colcon_core.verb:set package 'robot_controller' build argument 'catkin_skip_building_tests' from command line to 'False'
[0.427s] DEBUG:colcon.colcon_core.verb:Building package 'robot_controller' with the following arguments: {'ament_cmake_args': None, 'build_base': '/home/jayden/rag_robot_automation/ros2_ws/build/robot_controller', 'catkin_cmake_args': None, 'catkin_skip_building_tests': False, 'cmake_args': None, 'cmake_clean_cache': False, 'cmake_clean_first': False, 'cmake_force_configure': False, 'cmake_target': None, 'cmake_target_skip_unavailable': False, 'install_base': '/home/jayden/rag_robot_automation/ros2_ws/install/robot_controller', 'merge_install': False, 'path': '/home/jayden/rag_robot_automation/ros2_ws/src/robot_controller', 'symlink_install': False, 'test_result_base': None}
[0.427s] INFO:colcon.colcon_core.executor:Executing jobs using 'parallel' executor
[0.428s] DEBUG:colcon.colcon_parallel_executor.executor.parallel:run_until_complete
[0.428s] INFO:colcon.colcon_ros.task.ament_python.build:Building ROS package in '/home/jayden/rag_robot_automation/ros2_ws/src/decision_maker' with build type 'ament_python'
[0.428s] Level 1:colcon.colcon_core.shell:create_environment_hook('decision_maker', 'ament_prefix_path')
[0.430s] INFO:colcon.colcon_core.plugin_system:Skipping extension 'colcon_core.shell.bat': Not used on non-Windows systems
[0.430s] INFO:colcon.colcon_core.shell:Creating environment hook '/home/jayden/rag_robot_automation/ros2_ws/install/decision_maker/share/decision_maker/hook/ament_prefix_path.ps1'
[0.431s] INFO:colcon.colcon_core.shell:Creating environment descriptor '/home/jayden/rag_robot_automation/ros2_ws/install/decision_maker/share/decision_maker/hook/ament_prefix_path.dsv'
[0.431s] INFO:colcon.colcon_core.shell:Creating environment hook '/home/jayden/rag_robot_automation/ros2_ws/install/decision_maker/share/decision_maker/hook/ament_prefix_path.sh'
[0.432s] INFO:colcon.colcon_core.shell:Skip shell extension 'powershell' for command environment: Not usable outside of PowerShell
[0.432s] DEBUG:colcon.colcon_core.shell:Skip shell extension 'dsv' for command environment
[0.436s] INFO:colcon.colcon_ros.task.ament_python.build:Building ROS package in '/home/jayden/rag_robot_automation/ros2_ws/src/rag_server' with build type 'ament_python'
[0.436s] Level 1:colcon.colcon_core.shell:create_environment_hook('rag_server', 'ament_prefix_path')
[0.437s] INFO:colcon.colcon_core.shell:Creating environment hook '/home/jayden/rag_robot_automation/ros2_ws/install/rag_server/share/rag_server/hook/ament_prefix_path.ps1'
[0.437s] INFO:colcon.colcon_core.shell:Creating environment descriptor '/home/jayden/rag_robot_automation/ros2_ws/install/rag_server/share/rag_server/hook/ament_prefix_path.dsv'
[0.438s] INFO:colcon.colcon_core.shell:Creating environment hook '/home/jayden/rag_robot_automation/ros2_ws/install/rag_server/share/rag_server/hook/ament_prefix_path.sh'
[0.438s] INFO:colcon.colcon_core.shell:Skip shell extension 'powershell' for command environment: Not usable outside of PowerShell
[0.438s] DEBUG:colcon.colcon_core.shell:Skip shell extension 'dsv' for command environment
[0.442s] INFO:colcon.colcon_core.task.python.build:Building Python package in '/home/jayden/rag_robot_automation/ros2_ws/src/robot_controller'
[0.442s] INFO:colcon.colcon_core.shell:Skip shell extension 'powershell' for command environment: Not usable outside of PowerShell
[0.442s] DEBUG:colcon.colcon_core.shell:Skip shell extension 'dsv' for command environment
[0.657s] INFO:colcon.colcon_core.task.python.build:Building Python package in '/home/jayden/rag_robot_automation/ros2_ws/src/decision_maker'
[0.657s] INFO:colcon.colcon_core.shell:Skip shell extension 'powershell' for command environment: Not usable outside of PowerShell
[0.657s] DEBUG:colcon.colcon_core.shell:Skip shell extension 'dsv' for command environment
[0.850s] INFO:colcon.colcon_core.task.python.build:Building Python package in '/home/jayden/rag_robot_automation/ros2_ws/src/rag_server'
[0.850s] INFO:colcon.colcon_core.shell:Skip shell extension 'powershell' for command environment: Not usable outside of PowerShell
[0.850s] DEBUG:colcon.colcon_core.shell:Skip shell extension 'dsv' for command environment
[1.594s] DEBUG:colcon.colcon_core.event_handler.log_command:Invoking command in '/home/jayden/rag_robot_automation/ros2_ws/src/decision_maker': DEBUGINFOD_URLS=https://debuginfod.ubuntu.com PS1=(venv_rag) \[\e]0;\u@\h: \w\a\]${debian_chroot:+($debian_chroot)}\[\033[01;32m\]\u@\h\[\033[00m\]:\[\033[01;34m\]\w\[\033[00m\]\$ PYTHONPATH=/home/jayden/rag_robot_automation/ros2_ws/build/decision_maker/prefix_override:/usr/lib/python3/dist-packages/colcon_core/task/python/colcon_distutils_commands:/home/jayden/rag_robot_automation/ros2_ws/install/decision_maker/lib/python3.12/site-packages:${PYTHONPATH} VIRTUAL_ENV_PROMPT=(venv_rag) /usr/bin/python3 -W ignore:setup.py install is deprecated -W ignore:easy_install command is deprecated setup.py egg_info --egg-base ../../build/decision_maker build --build-base /home/jayden/rag_robot_automation/ros2_ws/build/decision_maker/build install --record /home/jayden/rag_robot_automation/ros2_ws/build/decision_maker/install.log --single-version-externally-managed install_data
[1.619s] DEBUG:colcon.colcon_core.event_handler.log_command:Invoking command in '/home/jayden/rag_robot_automation/ros2_ws/src/rag_server': DEBUGINFOD_URLS=https://debuginfod.ubuntu.com PS1=(venv_rag) \[\e]0;\u@\h: \w\a\]${debian_chroot:+($debian_chroot)}\[\033[01;32m\]\u@\h\[\033[00m\]:\[\033[01;34m\]\w\[\033[00m\]\$ PYTHONPATH=/home/jayden/rag_robot_automation/ros2_ws/build/rag_server/prefix_override:/usr/lib/python3/dist-packages/colcon_core/task/python/colcon_distutils_commands:/home/jayden/rag_robot_automation/ros2_ws/install/rag_server/lib/python3.12/site-packages:${PYTHONPATH} VIRTUAL_ENV_PROMPT=(venv_rag) /usr/bin/python3 -W ignore:setup.py install is deprecated -W ignore:easy_install command is deprecated setup.py egg_info --egg-base ../../build/rag_server build --build-base /home/jayden/rag_robot_automation/ros2_ws/build/rag_server/build install --record /home/jayden/rag_robot_automation/ros2_ws/build/rag_server/install.log --single-version-externally-managed install_data
[1.626s] DEBUG:colcon.colcon_core.event_handler.log_command:Invoking command in '/home/jayden/rag_robot_automation/ros2_ws/src/robot_controller': DEBUGINFOD_URLS=https://debuginfod.ubuntu.com PS1=(venv_rag) \[\e]0;\u@\h: \w\a\]${debian_chroot:+($debian_chroot)}\[\033[01;32m\]\u@\h\[\033[00m\]:\[\033[01;34m\]\w\[\033[00m\]\$ PYTHONPATH=/home/jayden/rag_robot_automation/ros2_ws/build/robot_controller/prefix_override:/usr/lib/python3/dist-packages/colcon_core/task/python/colcon_distutils_commands:/home/jayden/rag_robot_automation/ros2_ws/install/robot_controller/lib/python3.12/site-packages:${PYTHONPATH} VIRTUAL_ENV_PROMPT=(venv_rag) /usr/bin/python3 -W ignore:setup.py install is deprecated -W ignore:easy_install command is deprecated setup.py egg_info --egg-base ../../build/robot_controller build --build-base /home/jayden/rag_robot_automation/ros2_ws/build/robot_controller/build install --record /home/jayden/rag_robot_automation/ros2_ws/build/robot_controller/install.log --single-version-externally-managed install_data
[2.113s] DEBUG:colcon.colcon_core.event_handler.log_command:Invoked command in '/home/jayden/rag_robot_automation/ros2_ws/src/decision_maker' returned '0': DEBUGINFOD_URLS=https://debuginfod.ubuntu.com PS1=(venv_rag) \[\e]0;\u@\h: \w\a\]${debian_chroot:+($debian_chroot)}\[\033[01;32m\]\u@\h\[\033[00m\]:\[\033[01;34m\]\w\[\033[00m\]\$ PYTHONPATH=/home/jayden/rag_robot_automation/ros2_ws/build/decision_maker/prefix_override:/usr/lib/python3/dist-packages/colcon_core/task/python/colcon_distutils_commands:/home/jayden/rag_robot_automation/ros2_ws/install/decision_maker/lib/python3.12/site-packages:${PYTHONPATH} VIRTUAL_ENV_PROMPT=(venv_rag) /usr/bin/python3 -W ignore:setup.py install is deprecated -W ignore:easy_install command is deprecated setup.py egg_info --egg-base ../../build/decision_maker build --build-base /home/jayden/rag_robot_automation/ros2_ws/build/decision_maker/build install --record /home/jayden/rag_robot_automation/ros2_ws/build/decision_maker/install.log --single-version-externally-managed install_data
[2.116s] Level 1:colcon.colcon_core.environment:checking '/home/jayden/rag_robot_automation/ros2_ws/install/decision_maker' for CMake module files
[2.117s] Level 1:colcon.colcon_core.environment:checking '/home/jayden/rag_robot_automation/ros2_ws/install/decision_maker' for CMake config files
[2.118s] Level 1:colcon.colcon_core.environment:checking '/home/jayden/rag_robot_automation/ros2_ws/install/decision_maker/lib'
[2.119s] Level 1:colcon.colcon_core.environment:checking '/home/jayden/rag_robot_automation/ros2_ws/install/decision_maker/bin'
[2.119s] Level 1:colcon.colcon_core.environment:checking '/home/jayden/rag_robot_automation/ros2_ws/install/decision_maker/lib/pkgconfig/decision_maker.pc'
[2.119s] Level 1:colcon.colcon_core.environment:checking '/home/jayden/rag_robot_automation/ros2_ws/install/decision_maker/lib/python3.12/site-packages'
[2.119s] Level 1:colcon.colcon_core.shell:create_environment_hook('decision_maker', 'pythonpath')
[2.120s] INFO:colcon.colcon_core.shell:Creating environment hook '/home/jayden/rag_robot_automation/ros2_ws/install/decision_maker/share/decision_maker/hook/pythonpath.ps1'
[2.120s] INFO:colcon.colcon_core.shell:Creating environment descriptor '/home/jayden/rag_robot_automation/ros2_ws/install/decision_maker/share/decision_maker/hook/pythonpath.dsv'
[2.121s] INFO:colcon.colcon_core.shell:Creating environment hook '/home/jayden/rag_robot_automation/ros2_ws/install/decision_maker/share/decision_maker/hook/pythonpath.sh'
[2.122s] Level 1:colcon.colcon_core.environment:checking '/home/jayden/rag_robot_automation/ros2_ws/install/decision_maker/bin'
[2.122s] Level 1:colcon.colcon_core.environment:create_environment_scripts_only(decision_maker)
[2.122s] INFO:colcon.colcon_core.shell:Creating package script '/home/jayden/rag_robot_automation/ros2_ws/install/decision_maker/share/decision_maker/package.ps1'
[2.124s] INFO:colcon.colcon_core.shell:Creating package descriptor '/home/jayden/rag_robot_automation/ros2_ws/install/decision_maker/share/decision_maker/package.dsv'
[2.125s] INFO:colcon.colcon_core.shell:Creating package script '/home/jayden/rag_robot_automation/ros2_ws/install/decision_maker/share/decision_maker/package.sh'
[2.126s] INFO:colcon.colcon_core.shell:Creating package script '/home/jayden/rag_robot_automation/ros2_ws/install/decision_maker/share/decision_maker/package.bash'
[2.127s] INFO:colcon.colcon_core.shell:Creating package script '/home/jayden/rag_robot_automation/ros2_ws/install/decision_maker/share/decision_maker/package.zsh'
[2.128s] Level 1:colcon.colcon_core.environment:create_file_with_runtime_dependencies(/home/jayden/rag_robot_automation/ros2_ws/install/decision_maker/share/colcon-core/packages/decision_maker)
[2.131s] Level 1:colcon.colcon_core.environment:checking '/home/jayden/rag_robot_automation/ros2_ws/install/robot_controller' for CMake module files
[2.132s] DEBUG:colcon.colcon_core.event_handler.log_command:Invoked command in '/home/jayden/rag_robot_automation/ros2_ws/src/robot_controller' returned '0': DEBUGINFOD_URLS=https://debuginfod.ubuntu.com PS1=(venv_rag) \[\e]0;\u@\h: \w\a\]${debian_chroot:+($debian_chroot)}\[\033[01;32m\]\u@\h\[\033[00m\]:\[\033[01;34m\]\w\[\033[00m\]\$ PYTHONPATH=/home/jayden/rag_robot_automation/ros2_ws/build/robot_controller/prefix_override:/usr/lib/python3/dist-packages/colcon_core/task/python/colcon_distutils_commands:/home/jayden/rag_robot_automation/ros2_ws/install/robot_controller/lib/python3.12/site-packages:${PYTHONPATH} VIRTUAL_ENV_PROMPT=(venv_rag) /usr/bin/python3 -W ignore:setup.py install is deprecated -W ignore:easy_install command is deprecated setup.py egg_info --egg-base ../../build/robot_controller build --build-base /home/jayden/rag_robot_automation/ros2_ws/build/robot_controller/build install --record /home/jayden/rag_robot_automation/ros2_ws/build/robot_controller/install.log --single-version-externally-managed install_data
[2.132s] Level 1:colcon.colcon_core.environment:checking '/home/jayden/rag_robot_automation/ros2_ws/install/robot_controller' for CMake config files
[2.134s] Level 1:colcon.colcon_core.environment:checking '/home/jayden/rag_robot_automation/ros2_ws/install/robot_controller/lib'
[2.134s] Level 1:colcon.colcon_core.environment:checking '/home/jayden/rag_robot_automation/ros2_ws/install/robot_controller/bin'
[2.134s] Level 1:colcon.colcon_core.environment:checking '/home/jayden/rag_robot_automation/ros2_ws/install/robot_controller/lib/pkgconfig/robot_controller.pc'
[2.135s] Level 1:colcon.colcon_core.environment:checking '/home/jayden/rag_robot_automation/ros2_ws/install/robot_controller/lib/python3.12/site-packages'
[2.135s] Level 1:colcon.colcon_core.shell:create_environment_hook('robot_controller', 'pythonpath')
[2.135s] INFO:colcon.colcon_core.shell:Creating environment hook '/home/jayden/rag_robot_automation/ros2_ws/install/robot_controller/share/robot_controller/hook/pythonpath.ps1'
[2.136s] INFO:colcon.colcon_core.shell:Creating environment descriptor '/home/jayden/rag_robot_automation/ros2_ws/install/robot_controller/share/robot_controller/hook/pythonpath.dsv'
[2.136s] INFO:colcon.colcon_core.shell:Creating environment hook '/home/jayden/rag_robot_automation/ros2_ws/install/robot_controller/share/robot_controller/hook/pythonpath.sh'
[2.138s] Level 1:colcon.colcon_core.environment:checking '/home/jayden/rag_robot_automation/ros2_ws/install/robot_controller/bin'
[2.138s] Level 1:colcon.colcon_core.environment:create_environment_scripts_only(robot_controller)
[2.139s] INFO:colcon.colcon_core.shell:Creating package script '/home/jayden/rag_robot_automation/ros2_ws/install/robot_controller/share/robot_controller/package.ps1'
[2.139s] INFO:colcon.colcon_core.shell:Creating package descriptor '/home/jayden/rag_robot_automation/ros2_ws/install/robot_controller/share/robot_controller/package.dsv'
[2.140s] INFO:colcon.colcon_core.shell:Creating package script '/home/jayden/rag_robot_automation/ros2_ws/install/robot_controller/share/robot_controller/package.sh'
[2.141s] INFO:colcon.colcon_core.shell:Creating package script '/home/jayden/rag_robot_automation/ros2_ws/install/robot_controller/share/robot_controller/package.bash'
[2.142s] INFO:colcon.colcon_core.shell:Creating package script '/home/jayden/rag_robot_automation/ros2_ws/install/robot_controller/share/robot_controller/package.zsh'
[2.143s] Level 1:colcon.colcon_core.environment:create_file_with_runtime_dependencies(/home/jayden/rag_robot_automation/ros2_ws/install/robot_controller/share/colcon-core/packages/robot_controller)
[2.143s] Level 1:colcon.colcon_core.environment:checking '/home/jayden/rag_robot_automation/ros2_ws/install/rag_server' for CMake module files
[2.145s] DEBUG:colcon.colcon_core.event_handler.log_command:Invoked command in '/home/jayden/rag_robot_automation/ros2_ws/src/rag_server' returned '0': DEBUGINFOD_URLS=https://debuginfod.ubuntu.com PS1=(venv_rag) \[\e]0;\u@\h: \w\a\]${debian_chroot:+($debian_chroot)}\[\033[01;32m\]\u@\h\[\033[00m\]:\[\033[01;34m\]\w\[\033[00m\]\$ PYTHONPATH=/home/jayden/rag_robot_automation/ros2_ws/build/rag_server/prefix_override:/usr/lib/python3/dist-packages/colcon_core/task/python/colcon_distutils_commands:/home/jayden/rag_robot_automation/ros2_ws/install/rag_server/lib/python3.12/site-packages:${PYTHONPATH} VIRTUAL_ENV_PROMPT=(venv_rag) /usr/bin/python3 -W ignore:setup.py install is deprecated -W ignore:easy_install command is deprecated setup.py egg_info --egg-base ../../build/rag_server build --build-base /home/jayden/rag_robot_automation/ros2_ws/build/rag_server/build install --record /home/jayden/rag_robot_automation/ros2_ws/build/rag_server/install.log --single-version-externally-managed install_data
[2.145s] Level 1:colcon.colcon_core.environment:checking '/home/jayden/rag_robot_automation/ros2_ws/install/rag_server' for CMake config files
[2.147s] Level 1:colcon.colcon_core.environment:checking '/home/jayden/rag_robot_automation/ros2_ws/install/rag_server/lib'
[2.147s] Level 1:colcon.colcon_core.environment:checking '/home/jayden/rag_robot_automation/ros2_ws/install/rag_server/bin'
[2.147s] Level 1:colcon.colcon_core.environment:checking '/home/jayden/rag_robot_automation/ros2_ws/install/rag_server/lib/pkgconfig/rag_server.pc'
[2.147s] Level 1:colcon.colcon_core.environment:checking '/home/jayden/rag_robot_automation/ros2_ws/install/rag_server/lib/python3.12/site-packages'
[2.148s] Level 1:colcon.colcon_core.shell:create_environment_hook('rag_server', 'pythonpath')
[2.148s] INFO:colcon.colcon_core.shell:Creating environment hook '/home/jayden/rag_robot_automation/ros2_ws/install/rag_server/share/rag_server/hook/pythonpath.ps1'
[2.149s] INFO:colcon.colcon_core.shell:Creating environment descriptor '/home/jayden/rag_robot_automation/ros2_ws/install/rag_server/share/rag_server/hook/pythonpath.dsv'
[2.150s] INFO:colcon.colcon_core.shell:Creating environment hook '/home/jayden/rag_robot_automation/ros2_ws/install/rag_server/share/rag_server/hook/pythonpath.sh'
[2.151s] Level 1:colcon.colcon_core.environment:checking '/home/jayden/rag_robot_automation/ros2_ws/install/rag_server/bin'
[2.152s] Level 1:colcon.colcon_core.environment:create_environment_scripts_only(rag_server)
[2.152s] INFO:colcon.colcon_core.shell:Creating package script '/home/jayden/rag_robot_automation/ros2_ws/install/rag_server/share/rag_server/package.ps1'
[2.153s] INFO:colcon.colcon_core.shell:Creating package descriptor '/home/jayden/rag_robot_automation/ros2_ws/install/rag_server/share/rag_server/package.dsv'
[2.155s] INFO:colcon.colcon_core.shell:Creating package script '/home/jayden/rag_robot_automation/ros2_ws/install/rag_server/share/rag_server/package.sh'
[2.155s] INFO:colcon.colcon_core.shell:Creating package script '/home/jayden/rag_robot_automation/ros2_ws/install/rag_server/share/rag_server/package.bash'
[2.156s] INFO:colcon.colcon_core.shell:Creating package script '/home/jayden/rag_robot_automation/ros2_ws/install/rag_server/share/rag_server/package.zsh'
[2.157s] Level 1:colcon.colcon_core.environment:create_file_with_runtime_dependencies(/home/jayden/rag_robot_automation/ros2_ws/install/rag_server/share/colcon-core/packages/rag_server)
[2.157s] DEBUG:colcon.colcon_parallel_executor.executor.parallel:closing loop
[2.158s] DEBUG:colcon.colcon_parallel_executor.executor.parallel:loop closed
[2.158s] DEBUG:colcon.colcon_parallel_executor.executor.parallel:run_until_complete finished with '0'
[2.158s] DEBUG:colcon.colcon_core.event_reactor:joining thread
[2.171s] INFO:colcon.colcon_core.plugin_system:Skipping extension 'colcon_notification.desktop_notification.terminal_notifier': Not used on non-Darwin systems
[2.171s] INFO:colcon.colcon_core.plugin_system:Skipping extension 'colcon_notification.desktop_notification.win32': Not used on non-Windows systems
[2.171s] INFO:colcon.colcon_notification.desktop_notification:Sending desktop notification using 'notify2'
[2.206s] DEBUG:colcon.colcon_core.event_reactor:joined thread
[2.207s] INFO:colcon.colcon_core.shell:Creating prefix script '/home/jayden/rag_robot_automation/ros2_ws/install/local_setup.ps1'
[2.208s] INFO:colcon.colcon_core.shell:Creating prefix util module '/home/jayden/rag_robot_automation/ros2_ws/install/_local_setup_util_ps1.py'
[2.211s] INFO:colcon.colcon_core.shell:Creating prefix chain script '/home/jayden/rag_robot_automation/ros2_ws/install/setup.ps1'
[2.213s] INFO:colcon.colcon_core.shell:Creating prefix script '/home/jayden/rag_robot_automation/ros2_ws/install/local_setup.sh'
[2.215s] INFO:colcon.colcon_core.shell:Creating prefix util module '/home/jayden/rag_robot_automation/ros2_ws/install/_local_setup_util_sh.py'
[2.216s] INFO:colcon.colcon_core.shell:Creating prefix chain script '/home/jayden/rag_robot_automation/ros2_ws/install/setup.sh'
[2.218s] INFO:colcon.colcon_core.shell:Creating prefix script '/home/jayden/rag_robot_automation/ros2_ws/install/local_setup.bash'
[2.220s] INFO:colcon.colcon_core.shell:Creating prefix chain script '/home/jayden/rag_robot_automation/ros2_ws/install/setup.bash'
[2.222s] INFO:colcon.colcon_core.shell:Creating prefix script '/home/jayden/rag_robot_automation/ros2_ws/install/local_setup.zsh'
[2.223s] INFO:colcon.colcon_core.shell:Creating prefix chain script '/home/jayden/rag_robot_automation/ros2_ws/install/setup.zsh'
