[0.753s] Invoking command in '/home/jayden/rag_robot_automation/ros2_ws/src/rag_server': DEBUGINFOD_URLS=https://debuginfod.ubuntu.com PYTHONPATH=/home/jayden/rag_robot_automation/ros2_ws/build/rag_server/prefix_override:/usr/lib/python3/dist-packages/colcon_core/task/python/colcon_distutils_commands:/home/jayden/rag_robot_automation/ros2_ws/install/rag_server/lib/python3.12/site-packages:${PYTHONPATH} /usr/bin/python3 -W ignore:setup.py install is deprecated -W ignore:easy_install command is deprecated setup.py egg_info --egg-base ../../build/rag_server build --build-base /home/jayden/rag_robot_automation/ros2_ws/build/rag_server/build install --record /home/jayden/rag_robot_automation/ros2_ws/build/rag_server/install.log --single-version-externally-managed install_data
[1.007s] running egg_info
[1.007s] creating ../../build/rag_server/rag_server.egg-info
[1.026s] writing ../../build/rag_server/rag_server.egg-info/PKG-INFO
[1.026s] writing dependency_links to ../../build/rag_server/rag_server.egg-info/dependency_links.txt
[1.026s] writing entry points to ../../build/rag_server/rag_server.egg-info/entry_points.txt
[1.026s] writing requirements to ../../build/rag_server/rag_server.egg-info/requires.txt
[1.026s] writing top-level names to ../../build/rag_server/rag_server.egg-info/top_level.txt
[1.026s] writing manifest file '../../build/rag_server/rag_server.egg-info/SOURCES.txt'
[1.062s] reading manifest file '../../build/rag_server/rag_server.egg-info/SOURCES.txt'
[1.063s] writing manifest file '../../build/rag_server/rag_server.egg-info/SOURCES.txt'
[1.063s] running build
[1.063s] running build_py
[1.064s] creating /home/jayden/rag_robot_automation/ros2_ws/build/rag_server/build
[1.064s] creating /home/jayden/rag_robot_automation/ros2_ws/build/rag_server/build/lib
[1.064s] creating /home/jayden/rag_robot_automation/ros2_ws/build/rag_server/build/lib/rag_server
[1.064s] copying rag_server/__init__.py -> /home/jayden/rag_robot_automation/ros2_ws/build/rag_server/build/lib/rag_server
[1.064s] copying rag_server/rag_server_node.py -> /home/jayden/rag_robot_automation/ros2_ws/build/rag_server/build/lib/rag_server
[1.065s] running install
[1.070s] running install_lib
[1.088s] creating /home/jayden/rag_robot_automation/ros2_ws/install/rag_server/lib/python3.12/site-packages/rag_server
[1.088s] copying /home/jayden/rag_robot_automation/ros2_ws/build/rag_server/build/lib/rag_server/__init__.py -> /home/jayden/rag_robot_automation/ros2_ws/install/rag_server/lib/python3.12/site-packages/rag_server
[1.088s] copying /home/jayden/rag_robot_automation/ros2_ws/build/rag_server/build/lib/rag_server/rag_server_node.py -> /home/jayden/rag_robot_automation/ros2_ws/install/rag_server/lib/python3.12/site-packages/rag_server
[1.089s] byte-compiling /home/jayden/rag_robot_automation/ros2_ws/install/rag_server/lib/python3.12/site-packages/rag_server/__init__.py to __init__.cpython-312.pyc
[1.089s] byte-compiling /home/jayden/rag_robot_automation/ros2_ws/install/rag_server/lib/python3.12/site-packages/rag_server/rag_server_node.py to rag_server_node.cpython-312.pyc
[1.089s] running install_data
[1.090s] creating /home/jayden/rag_robot_automation/ros2_ws/install/rag_server/share/ament_index
[1.090s] creating /home/jayden/rag_robot_automation/ros2_ws/install/rag_server/share/ament_index/resource_index
[1.090s] creating /home/jayden/rag_robot_automation/ros2_ws/install/rag_server/share/ament_index/resource_index/packages
[1.090s] copying resource/rag_server -> /home/jayden/rag_robot_automation/ros2_ws/install/rag_server/share/ament_index/resource_index/packages
[1.090s] copying package.xml -> /home/jayden/rag_robot_automation/ros2_ws/install/rag_server/share/rag_server
[1.091s] running install_egg_info
[1.109s] Copying ../../build/rag_server/rag_server.egg-info to /home/jayden/rag_robot_automation/ros2_ws/install/rag_server/lib/python3.12/site-packages/rag_server-0.0.1-py3.12.egg-info
[1.110s] running install_scripts
[1.231s] Installing rag_server script to /home/jayden/rag_robot_automation/ros2_ws/install/rag_server/lib/rag_server
[1.231s] writing list of installed files to '/home/jayden/rag_robot_automation/ros2_ws/build/rag_server/install.log'
[1.265s] Invoked command in '/home/jayden/rag_robot_automation/ros2_ws/src/rag_server' returned '0': DEBUGINFOD_URLS=https://debuginfod.ubuntu.com PYTHONPATH=/home/jayden/rag_robot_automation/ros2_ws/build/rag_server/prefix_override:/usr/lib/python3/dist-packages/colcon_core/task/python/colcon_distutils_commands:/home/jayden/rag_robot_automation/ros2_ws/install/rag_server/lib/python3.12/site-packages:${PYTHONPATH} /usr/bin/python3 -W ignore:setup.py install is deprecated -W ignore:easy_install command is deprecated setup.py egg_info --egg-base ../../build/rag_server build --build-base /home/jayden/rag_robot_automation/ros2_ws/build/rag_server/build install --record /home/jayden/rag_robot_automation/ros2_ws/build/rag_server/install.log --single-version-externally-managed install_data
