[1.204s] Invoking command in '/home/jayden/rag_robot_automation/ros2_ws/src/rag_server': DEBUGINFOD_URLS=https://debuginfod.ubuntu.com PS1=(venv_rag) \[\e]0;\u@\h: \w\a\]${debian_chroot:+($debian_chroot)}\[\033[01;32m\]\u@\h\[\033[00m\]:\[\033[01;34m\]\w\[\033[00m\]\$ PYTHONPATH=/home/jayden/rag_robot_automation/ros2_ws/build/rag_server/prefix_override:/usr/lib/python3/dist-packages/colcon_core/task/python/colcon_distutils_commands:/home/jayden/rag_robot_automation/ros2_ws/install/rag_server/lib/python3.12/site-packages:${PYTHONPATH} VIRTUAL_ENV_PROMPT=(venv_rag) /usr/bin/python3 -W ignore:setup.py install is deprecated -W ignore:easy_install command is deprecated setup.py egg_info --egg-base ../../build/rag_server build --build-base /home/jayden/rag_robot_automation/ros2_ws/build/rag_server/build install --record /home/jayden/rag_robot_automation/ros2_ws/build/rag_server/install.log --single-version-externally-managed install_data
[1.454s] running egg_info
[1.454s] creating ../../build/rag_server/rag_server.egg-info
[1.473s] writing ../../build/rag_server/rag_server.egg-info/PKG-INFO
[1.473s] writing dependency_links to ../../build/rag_server/rag_server.egg-info/dependency_links.txt
[1.474s] writing entry points to ../../build/rag_server/rag_server.egg-info/entry_points.txt
[1.474s] writing requirements to ../../build/rag_server/rag_server.egg-info/requires.txt
[1.474s] writing top-level names to ../../build/rag_server/rag_server.egg-info/top_level.txt
[1.474s] writing manifest file '../../build/rag_server/rag_server.egg-info/SOURCES.txt'
[1.513s] reading manifest file '../../build/rag_server/rag_server.egg-info/SOURCES.txt'
[1.514s] writing manifest file '../../build/rag_server/rag_server.egg-info/SOURCES.txt'
[1.514s] running build
[1.514s] running build_py
[1.514s] creating /home/jayden/rag_robot_automation/ros2_ws/build/rag_server/build
[1.515s] creating /home/jayden/rag_robot_automation/ros2_ws/build/rag_server/build/lib
[1.515s] creating /home/jayden/rag_robot_automation/ros2_ws/build/rag_server/build/lib/rag_server
[1.515s] copying rag_server/__init__.py -> /home/jayden/rag_robot_automation/ros2_ws/build/rag_server/build/lib/rag_server
[1.515s] copying rag_server/rag_server_node.py -> /home/jayden/rag_robot_automation/ros2_ws/build/rag_server/build/lib/rag_server
[1.515s] running install
[1.521s] running install_lib
[1.541s] creating /home/jayden/rag_robot_automation/ros2_ws/install/rag_server/lib/python3.12/site-packages/rag_server
[1.541s] copying /home/jayden/rag_robot_automation/ros2_ws/build/rag_server/build/lib/rag_server/__init__.py -> /home/jayden/rag_robot_automation/ros2_ws/install/rag_server/lib/python3.12/site-packages/rag_server
[1.541s] copying /home/jayden/rag_robot_automation/ros2_ws/build/rag_server/build/lib/rag_server/rag_server_node.py -> /home/jayden/rag_robot_automation/ros2_ws/install/rag_server/lib/python3.12/site-packages/rag_server
[1.541s] byte-compiling /home/jayden/rag_robot_automation/ros2_ws/install/rag_server/lib/python3.12/site-packages/rag_server/__init__.py to __init__.cpython-312.pyc
[1.542s] byte-compiling /home/jayden/rag_robot_automation/ros2_ws/install/rag_server/lib/python3.12/site-packages/rag_server/rag_server_node.py to rag_server_node.cpython-312.pyc
[1.543s] running install_data
[1.543s] creating /home/jayden/rag_robot_automation/ros2_ws/install/rag_server/share/ament_index
[1.543s] creating /home/jayden/rag_robot_automation/ros2_ws/install/rag_server/share/ament_index/resource_index
[1.543s] creating /home/jayden/rag_robot_automation/ros2_ws/install/rag_server/share/ament_index/resource_index/packages
[1.543s] copying resource/rag_server -> /home/jayden/rag_robot_automation/ros2_ws/install/rag_server/share/ament_index/resource_index/packages
[1.543s] copying package.xml -> /home/jayden/rag_robot_automation/ros2_ws/install/rag_server/share/rag_server
[1.544s] creating /home/jayden/rag_robot_automation/ros2_ws/install/rag_server/share/rag_server/launch
[1.544s] copying launch/rag_server.launch.py -> /home/jayden/rag_robot_automation/ros2_ws/install/rag_server/share/rag_server/launch
[1.544s] copying launch/complete_system.launch.py -> /home/jayden/rag_robot_automation/ros2_ws/install/rag_server/share/rag_server/launch
[1.544s] running install_egg_info
[1.564s] Copying ../../build/rag_server/rag_server.egg-info to /home/jayden/rag_robot_automation/ros2_ws/install/rag_server/lib/python3.12/site-packages/rag_server-0.0.1-py3.12.egg-info
[1.565s] running install_scripts
[1.694s] Installing rag_server script to /home/jayden/rag_robot_automation/ros2_ws/install/rag_server/lib/rag_server
[1.694s] writing list of installed files to '/home/jayden/rag_robot_automation/ros2_ws/build/rag_server/install.log'
[1.742s] Invoked command in '/home/jayden/rag_robot_automation/ros2_ws/src/rag_server' returned '0': DEBUGINFOD_URLS=https://debuginfod.ubuntu.com PS1=(venv_rag) \[\e]0;\u@\h: \w\a\]${debian_chroot:+($debian_chroot)}\[\033[01;32m\]\u@\h\[\033[00m\]:\[\033[01;34m\]\w\[\033[00m\]\$ PYTHONPATH=/home/jayden/rag_robot_automation/ros2_ws/build/rag_server/prefix_override:/usr/lib/python3/dist-packages/colcon_core/task/python/colcon_distutils_commands:/home/jayden/rag_robot_automation/ros2_ws/install/rag_server/lib/python3.12/site-packages:${PYTHONPATH} VIRTUAL_ENV_PROMPT=(venv_rag) /usr/bin/python3 -W ignore:setup.py install is deprecated -W ignore:easy_install command is deprecated setup.py egg_info --egg-base ../../build/rag_server build --build-base /home/jayden/rag_robot_automation/ros2_ws/build/rag_server/build install --record /home/jayden/rag_robot_automation/ros2_ws/build/rag_server/install.log --single-version-externally-managed install_data
