[0.884s] Invoking command in '/home/jayden/rag_robot_automation/ros2_ws/src/rag_server': DEBUGINFOD_URLS=https://debuginfod.ubuntu.com PS1=(venv_rag) \[\e]0;\u@\h: \w\a\]${debian_chroot:+($debian_chroot)}\[\033[01;32m\]\u@\h\[\033[00m\]:\[\033[01;34m\]\w\[\033[00m\]\$ PYTHONPATH=/home/jayden/rag_robot_automation/ros2_ws/build/rag_server/prefix_override:/usr/lib/python3/dist-packages/colcon_core/task/python/colcon_distutils_commands:/home/jayden/rag_robot_automation/ros2_ws/install/rag_server/lib/python3.12/site-packages:${PYTHONPATH} VIRTUAL_ENV_PROMPT=(venv_rag) /usr/bin/python3 -W ignore:setup.py install is deprecated -W ignore:easy_install command is deprecated setup.py egg_info --egg-base ../../build/rag_server build --build-base /home/jayden/rag_robot_automation/ros2_ws/build/rag_server/build install --record /home/jayden/rag_robot_automation/ros2_ws/build/rag_server/install.log --single-version-externally-managed install_data
[1.169s] running egg_info
[1.190s] writing ../../build/rag_server/rag_server.egg-info/PKG-INFO
[1.190s] writing dependency_links to ../../build/rag_server/rag_server.egg-info/dependency_links.txt
[1.190s] writing entry points to ../../build/rag_server/rag_server.egg-info/entry_points.txt
[1.190s] writing requirements to ../../build/rag_server/rag_server.egg-info/requires.txt
[1.191s] writing top-level names to ../../build/rag_server/rag_server.egg-info/top_level.txt
[1.233s] reading manifest file '../../build/rag_server/rag_server.egg-info/SOURCES.txt'
[1.233s] writing manifest file '../../build/rag_server/rag_server.egg-info/SOURCES.txt'
[1.233s] running build
[1.234s] running build_py
[1.234s] running install
[1.240s] running install_lib
[1.263s] running install_data
[1.263s] running install_egg_info
[1.285s] removing '/home/jayden/rag_robot_automation/ros2_ws/install/rag_server/lib/python3.12/site-packages/rag_server-0.0.1-py3.12.egg-info' (and everything under it)
[1.285s] Copying ../../build/rag_server/rag_server.egg-info to /home/jayden/rag_robot_automation/ros2_ws/install/rag_server/lib/python3.12/site-packages/rag_server-0.0.1-py3.12.egg-info
[1.286s] running install_scripts
[1.429s] Installing rag_server script to /home/jayden/rag_robot_automation/ros2_ws/install/rag_server/lib/rag_server
[1.430s] writing list of installed files to '/home/jayden/rag_robot_automation/ros2_ws/build/rag_server/install.log'
[1.472s] Invoked command in '/home/jayden/rag_robot_automation/ros2_ws/src/rag_server' returned '0': DEBUGINFOD_URLS=https://debuginfod.ubuntu.com PS1=(venv_rag) \[\e]0;\u@\h: \w\a\]${debian_chroot:+($debian_chroot)}\[\033[01;32m\]\u@\h\[\033[00m\]:\[\033[01;34m\]\w\[\033[00m\]\$ PYTHONPATH=/home/jayden/rag_robot_automation/ros2_ws/build/rag_server/prefix_override:/usr/lib/python3/dist-packages/colcon_core/task/python/colcon_distutils_commands:/home/jayden/rag_robot_automation/ros2_ws/install/rag_server/lib/python3.12/site-packages:${PYTHONPATH} VIRTUAL_ENV_PROMPT=(venv_rag) /usr/bin/python3 -W ignore:setup.py install is deprecated -W ignore:easy_install command is deprecated setup.py egg_info --egg-base ../../build/rag_server build --build-base /home/jayden/rag_robot_automation/ros2_ws/build/rag_server/build install --record /home/jayden/rag_robot_automation/ros2_ws/build/rag_server/install.log --single-version-externally-managed install_data
