[1.176s] Invoking command in '/home/jayden/rag_robot_automation/ros2_ws/src/decision_maker': DEBUGINFOD_URLS=https://debuginfod.ubuntu.com PS1=(venv_rag) \[\e]0;\u@\h: \w\a\]${debian_chroot:+($debian_chroot)}\[\033[01;32m\]\u@\h\[\033[00m\]:\[\033[01;34m\]\w\[\033[00m\]\$ PYTHONPATH=/home/jayden/rag_robot_automation/ros2_ws/build/decision_maker/prefix_override:/usr/lib/python3/dist-packages/colcon_core/task/python/colcon_distutils_commands:/home/jayden/rag_robot_automation/ros2_ws/install/decision_maker/lib/python3.12/site-packages:${PYTHONPATH} VIRTUAL_ENV_PROMPT=(venv_rag) /usr/bin/python3 -W ignore:setup.py install is deprecated -W ignore:easy_install command is deprecated setup.py egg_info --egg-base ../../build/decision_maker build --build-base /home/jayden/rag_robot_automation/ros2_ws/build/decision_maker/build install --record /home/jayden/rag_robot_automation/ros2_ws/build/decision_maker/install.log --single-version-externally-managed install_data
[1.421s] running egg_info
[1.421s] creating ../../build/decision_maker/decision_maker.egg-info
[1.439s] writing ../../build/decision_maker/decision_maker.egg-info/PKG-INFO
[1.440s] writing dependency_links to ../../build/decision_maker/decision_maker.egg-info/dependency_links.txt
[1.440s] writing entry points to ../../build/decision_maker/decision_maker.egg-info/entry_points.txt
[1.440s] writing requirements to ../../build/decision_maker/decision_maker.egg-info/requires.txt
[1.440s] writing top-level names to ../../build/decision_maker/decision_maker.egg-info/top_level.txt
[1.440s] writing manifest file '../../build/decision_maker/decision_maker.egg-info/SOURCES.txt'
[1.478s] reading manifest file '../../build/decision_maker/decision_maker.egg-info/SOURCES.txt'
[1.479s] writing manifest file '../../build/decision_maker/decision_maker.egg-info/SOURCES.txt'
[1.479s] running build
[1.479s] running build_py
[1.479s] creating /home/jayden/rag_robot_automation/ros2_ws/build/decision_maker/build
[1.480s] creating /home/jayden/rag_robot_automation/ros2_ws/build/decision_maker/build/lib
[1.480s] creating /home/jayden/rag_robot_automation/ros2_ws/build/decision_maker/build/lib/decision_maker
[1.480s] copying decision_maker/__init__.py -> /home/jayden/rag_robot_automation/ros2_ws/build/decision_maker/build/lib/decision_maker
[1.481s] copying decision_maker/decision_maker_node.py -> /home/jayden/rag_robot_automation/ros2_ws/build/decision_maker/build/lib/decision_maker
[1.481s] running install
[1.486s] running install_lib
[1.505s] creating /home/jayden/rag_robot_automation/ros2_ws/install/decision_maker/lib/python3.12/site-packages/decision_maker
[1.505s] copying /home/jayden/rag_robot_automation/ros2_ws/build/decision_maker/build/lib/decision_maker/__init__.py -> /home/jayden/rag_robot_automation/ros2_ws/install/decision_maker/lib/python3.12/site-packages/decision_maker
[1.506s] copying /home/jayden/rag_robot_automation/ros2_ws/build/decision_maker/build/lib/decision_maker/decision_maker_node.py -> /home/jayden/rag_robot_automation/ros2_ws/install/decision_maker/lib/python3.12/site-packages/decision_maker
[1.506s] byte-compiling /home/jayden/rag_robot_automation/ros2_ws/install/decision_maker/lib/python3.12/site-packages/decision_maker/__init__.py to __init__.cpython-312.pyc
[1.506s] byte-compiling /home/jayden/rag_robot_automation/ros2_ws/install/decision_maker/lib/python3.12/site-packages/decision_maker/decision_maker_node.py to decision_maker_node.cpython-312.pyc
[1.508s] running install_data
[1.508s] creating /home/jayden/rag_robot_automation/ros2_ws/install/decision_maker/share/ament_index
[1.508s] creating /home/jayden/rag_robot_automation/ros2_ws/install/decision_maker/share/ament_index/resource_index
[1.509s] creating /home/jayden/rag_robot_automation/ros2_ws/install/decision_maker/share/ament_index/resource_index/packages
[1.509s] copying resource/decision_maker -> /home/jayden/rag_robot_automation/ros2_ws/install/decision_maker/share/ament_index/resource_index/packages
[1.509s] copying package.xml -> /home/jayden/rag_robot_automation/ros2_ws/install/decision_maker/share/decision_maker
[1.509s] running install_egg_info
[1.529s] Copying ../../build/decision_maker/decision_maker.egg-info to /home/jayden/rag_robot_automation/ros2_ws/install/decision_maker/lib/python3.12/site-packages/decision_maker-0.0.1-py3.12.egg-info
[1.529s] running install_scripts
[1.656s] Installing decision_maker script to /home/jayden/rag_robot_automation/ros2_ws/install/decision_maker/lib/decision_maker
[1.656s] writing list of installed files to '/home/jayden/rag_robot_automation/ros2_ws/build/decision_maker/install.log'
[1.690s] Invoked command in '/home/jayden/rag_robot_automation/ros2_ws/src/decision_maker' returned '0': DEBUGINFOD_URLS=https://debuginfod.ubuntu.com PS1=(venv_rag) \[\e]0;\u@\h: \w\a\]${debian_chroot:+($debian_chroot)}\[\033[01;32m\]\u@\h\[\033[00m\]:\[\033[01;34m\]\w\[\033[00m\]\$ PYTHONPATH=/home/jayden/rag_robot_automation/ros2_ws/build/decision_maker/prefix_override:/usr/lib/python3/dist-packages/colcon_core/task/python/colcon_distutils_commands:/home/jayden/rag_robot_automation/ros2_ws/install/decision_maker/lib/python3.12/site-packages:${PYTHONPATH} VIRTUAL_ENV_PROMPT=(venv_rag) /usr/bin/python3 -W ignore:setup.py install is deprecated -W ignore:easy_install command is deprecated setup.py egg_info --egg-base ../../build/decision_maker build --build-base /home/jayden/rag_robot_automation/ros2_ws/build/decision_maker/build install --record /home/jayden/rag_robot_automation/ros2_ws/build/decision_maker/install.log --single-version-externally-managed install_data
